  Button.cpp
  ClickPaper.cpp
  Controls.cpp
  GameScript.cpp
E:\Pj\DaysOfJFE_Gal\DaysOfJFE_Gal\lib\yaml-cpp\parser.h(85,28): warning C4251: “YAML::Parser::m_pScanner”:“std::unique_ptr<YAML::Scanner,std::default_delete<YAML::Scanner>>”需要有 dll 接口以供“YAML::Parser”的客户端使用
  (编译源文件“GameScript.cpp”)
      C:\Program Files\Microsoft Visual Studio\2022\Community\VC\Tools\MSVC\14.44.35207\include\memory(3347,7):
      参见“std::unique_ptr<YAML::Scanner,std::default_delete<YAML::Scanner>>”的声明
  
E:\Pj\DaysOfJFE_Gal\DaysOfJFE_Gal\lib\yaml-cpp\parser.h(86,31): warning C4251: “YAML::Parser::m_pDirectives”:“std::unique_ptr<YAML::Directives,std::default_delete<YAML::Directives>>”需要有 dll 接口以供“YAML::Parser”的客户端使用
  (编译源文件“GameScript.cpp”)
      C:\Program Files\Microsoft Visual Studio\2022\Community\VC\Tools\MSVC\14.44.35207\include\memory(3347,7):
      参见“std::unique_ptr<YAML::Directives,std::default_delete<YAML::Directives>>”的声明
  
E:\Pj\DaysOfJFE_Gal\DaysOfJFE_Gal\lib\yaml-cpp\binary.h(65,30): warning C4251: “YAML::Binary::m_data”:“std::vector<unsigned char,std::allocator<unsigned char>>”需要有 dll 接口以供“YAML::Binary”的客户端使用
  (编译源文件“GameScript.cpp”)
      C:\Program Files\Microsoft Visual Studio\2022\Community\VC\Tools\MSVC\14.44.35207\include\vector(442,7):
      参见“std::vector<unsigned char,std::allocator<unsigned char>>”的声明
  
E:\Pj\DaysOfJFE_Gal\DaysOfJFE_Gal\lib\yaml-cpp\ostream_wrapper.h(49,29): warning C4251: “YAML::ostream_wrapper::m_buffer”:“std::vector<char,std::allocator<char>>”需要有 dll 接口以供“YAML::ostream_wrapper”的客户端使用
  (编译源文件“GameScript.cpp”)
      C:\Program Files\Microsoft Visual Studio\2022\Community\VC\Tools\MSVC\14.44.35207\include\vector(442,7):
      参见“std::vector<char,std::allocator<char>>”的声明
  
E:\Pj\DaysOfJFE_Gal\DaysOfJFE_Gal\lib\yaml-cpp\emitter.h(139,33): warning C4251: “YAML::Emitter::m_pState”:“std::unique_ptr<YAML::EmitterState,std::default_delete<YAML::EmitterState>>”需要有 dll 接口以供“YAML::Emitter”的客户端使用
  (编译源文件“GameScript.cpp”)
      C:\Program Files\Microsoft Visual Studio\2022\Community\VC\Tools\MSVC\14.44.35207\include\memory(3347,7):
      参见“std::unique_ptr<YAML::EmitterState,std::default_delete<YAML::EmitterState>>”的声明
  
E:\Pj\DaysOfJFE_Gal\DaysOfJFE_Gal\lib\yaml-cpp\exceptions.h(164,15): warning C4251: “YAML::Exception::msg”:“std::basic_string<char,std::char_traits<char>,std::allocator<char>>”需要有 dll 接口以供“YAML::Exception”的客户端使用
  (编译源文件“GameScript.cpp”)
      C:\Program Files\Microsoft Visual Studio\2022\Community\VC\Tools\MSVC\14.44.35207\include\xstring(541,7):
      参见“std::basic_string<char,std::char_traits<char>,std::allocator<char>>”的声明
  
E:\Pj\DaysOfJFE_Gal\DaysOfJFE_Gal\lib\yaml-cpp\exceptions.h(155,44): warning C4275: 非 dll 接口 class“std::runtime_error”用作 dll 接口 class“YAML::Exception”的基
  (编译源文件“GameScript.cpp”)
      C:\Program Files\Microsoft Visual Studio\2022\Community\VC\Tools\MSVC\14.44.35207\include\stdexcept(100,30):
      参见“std::runtime_error”的声明
      E:\Pj\DaysOfJFE_Gal\DaysOfJFE_Gal\lib\yaml-cpp\exceptions.h(155,20):
      参见“YAML::Exception”的声明
  
E:\Pj\DaysOfJFE_Gal\DaysOfJFE_Gal\lib\yaml-cpp\node\node.h(135,15): warning C4251: “YAML::Node::m_invalidKey”:“std::basic_string<char,std::char_traits<char>,std::allocator<char>>”需要有 dll 接口以供“YAML::Node”的客户端使用
  (编译源文件“GameScript.cpp”)
      C:\Program Files\Microsoft Visual Studio\2022\Community\VC\Tools\MSVC\14.44.35207\include\xstring(541,7):
      参见“std::basic_string<char,std::char_traits<char>,std::allocator<char>>”的声明
  
E:\Pj\DaysOfJFE_Gal\DaysOfJFE_Gal\lib\yaml-cpp\node\node.h(136,40): warning C4251: “YAML::Node::m_pMemory”:“std::shared_ptr<YAML::detail::memory_holder>”需要有 dll 接口以供“YAML::Node”的客户端使用
  (编译源文件“GameScript.cpp”)
      C:\Program Files\Microsoft Visual Studio\2022\Community\VC\Tools\MSVC\14.44.35207\include\memory(1565,7):
      参见“std::shared_ptr<YAML::detail::memory_holder>”的声明
  
E:\Pj\DaysOfJFE_Gal\DaysOfJFE_Gal\lib\yaml-cpp\node\detail\memory.h(31,9): warning C4251: “YAML::detail::memory::m_nodes”:“std::set<YAML::detail::shared_node,std::less<YAML::detail::shared_node>,std::allocator<YAML::detail::shared_node>>”需要有 dll 接口以供“YAML::detail::memory”的客户端使用
  (编译源文件“GameScript.cpp”)
      C:\Program Files\Microsoft Visual Studio\2022\Community\VC\Tools\MSVC\14.44.35207\include\set(51,7):
      参见“std::set<YAML::detail::shared_node,std::less<YAML::detail::shared_node>,std::allocator<YAML::detail::shared_node>>”的声明
  
E:\Pj\DaysOfJFE_Gal\DaysOfJFE_Gal\lib\yaml-cpp\node\detail\memory.h(42,17): warning C4251: “YAML::detail::memory_holder::m_pMemory”:“std::shared_ptr<YAML::detail::memory>”需要有 dll 接口以供“YAML::detail::memory_holder”的客户端使用
  (编译源文件“GameScript.cpp”)
      C:\Program Files\Microsoft Visual Studio\2022\Community\VC\Tools\MSVC\14.44.35207\include\memory(1565,7):
      参见“std::shared_ptr<YAML::detail::memory>”的声明
  
E:\Pj\DaysOfJFE_Gal\DaysOfJFE_Gal\lib\yaml-cpp\node\detail\node_data.h(104,15): warning C4251: “YAML::detail::node_data::m_tag”:“std::basic_string<char,std::char_traits<char>,std::allocator<char>>”需要有 dll 接口以供“YAML::detail::node_data”的客户端使用
  (编译源文件“GameScript.cpp”)
      C:\Program Files\Microsoft Visual Studio\2022\Community\VC\Tools\MSVC\14.44.35207\include\xstring(541,7):
      参见“std::basic_string<char,std::char_traits<char>,std::allocator<char>>”的声明
  
E:\Pj\DaysOfJFE_Gal\DaysOfJFE_Gal\lib\yaml-cpp\node\detail\node_data.h(108,15): warning C4251: “YAML::detail::node_data::m_scalar”:“std::basic_string<char,std::char_traits<char>,std::allocator<char>>”需要有 dll 接口以供“YAML::detail::node_data”的客户端使用
  (编译源文件“GameScript.cpp”)
      C:\Program Files\Microsoft Visual Studio\2022\Community\VC\Tools\MSVC\14.44.35207\include\xstring(541,7):
      参见“std::basic_string<char,std::char_traits<char>,std::allocator<char>>”的声明
  
E:\Pj\DaysOfJFE_Gal\DaysOfJFE_Gal\lib\yaml-cpp\node\detail\node_data.h(112,12): warning C4251: “YAML::detail::node_data::m_sequence”:“std::vector<YAML::detail::node *,std::allocator<YAML::detail::node *>>”需要有 dll 接口以供“YAML::detail::node_data”的客户端使用
  (编译源文件“GameScript.cpp”)
      C:\Program Files\Microsoft Visual Studio\2022\Community\VC\Tools\MSVC\14.44.35207\include\vector(442,7):
      参见“std::vector<YAML::detail::node *,std::allocator<YAML::detail::node *>>”的声明
  
E:\Pj\DaysOfJFE_Gal\DaysOfJFE_Gal\lib\yaml-cpp\node\detail\node_data.h(118,12): warning C4251: “YAML::detail::node_data::m_map”:“std::vector<std::pair<YAML::detail::node *,YAML::detail::node *>,std::allocator<std::pair<YAML::detail::node *,YAML::detail::node *>>>”需要有 dll 接口以供“YAML::detail::node_data”的客户端使用
  (编译源文件“GameScript.cpp”)
      C:\Program Files\Microsoft Visual Studio\2022\Community\VC\Tools\MSVC\14.44.35207\include\vector(442,7):
      参见“std::vector<std::pair<YAML::detail::node *,YAML::detail::node *>,std::allocator<std::pair<YAML::detail::node *,YAML::detail::node *>>>”的声明
  
E:\Pj\DaysOfJFE_Gal\DaysOfJFE_Gal\lib\yaml-cpp\node\detail\node_data.h(122,20): warning C4251: “YAML::detail::node_data::m_undefinedPairs”:“std::list<YAML::detail::node_data::kv_pair,std::allocator<std::pair<YAML::detail::node *,YAML::detail::node *>>>”需要有 dll 接口以供“YAML::detail::node_data”的客户端使用
  (编译源文件“GameScript.cpp”)
      C:\Program Files\Microsoft Visual Studio\2022\Community\VC\Tools\MSVC\14.44.35207\include\list(769,7):
      参见“std::list<YAML::detail::node_data::kv_pair,std::allocator<std::pair<YAML::detail::node *,YAML::detail::node *>>>”的声明
  
  GameWindow.cpp
E:\Pj\DaysOfJFE_Gal\DaysOfJFE_Gal\lib\yaml-cpp\parser.h(85,28): warning C4251: “YAML::Parser::m_pScanner”:“std::unique_ptr<YAML::Scanner,std::default_delete<YAML::Scanner>>”需要有 dll 接口以供“YAML::Parser”的客户端使用
  (编译源文件“GameWindow.cpp”)
      C:\Program Files\Microsoft Visual Studio\2022\Community\VC\Tools\MSVC\14.44.35207\include\memory(3347,7):
      参见“std::unique_ptr<YAML::Scanner,std::default_delete<YAML::Scanner>>”的声明
  
E:\Pj\DaysOfJFE_Gal\DaysOfJFE_Gal\lib\yaml-cpp\parser.h(86,31): warning C4251: “YAML::Parser::m_pDirectives”:“std::unique_ptr<YAML::Directives,std::default_delete<YAML::Directives>>”需要有 dll 接口以供“YAML::Parser”的客户端使用
  (编译源文件“GameWindow.cpp”)
      C:\Program Files\Microsoft Visual Studio\2022\Community\VC\Tools\MSVC\14.44.35207\include\memory(3347,7):
      参见“std::unique_ptr<YAML::Directives,std::default_delete<YAML::Directives>>”的声明
  
E:\Pj\DaysOfJFE_Gal\DaysOfJFE_Gal\lib\yaml-cpp\binary.h(65,30): warning C4251: “YAML::Binary::m_data”:“std::vector<unsigned char,std::allocator<unsigned char>>”需要有 dll 接口以供“YAML::Binary”的客户端使用
  (编译源文件“GameWindow.cpp”)
      C:\Program Files\Microsoft Visual Studio\2022\Community\VC\Tools\MSVC\14.44.35207\include\vector(442,7):
      参见“std::vector<unsigned char,std::allocator<unsigned char>>”的声明
  
E:\Pj\DaysOfJFE_Gal\DaysOfJFE_Gal\lib\yaml-cpp\ostream_wrapper.h(49,29): warning C4251: “YAML::ostream_wrapper::m_buffer”:“std::vector<char,std::allocator<char>>”需要有 dll 接口以供“YAML::ostream_wrapper”的客户端使用
  (编译源文件“GameWindow.cpp”)
      C:\Program Files\Microsoft Visual Studio\2022\Community\VC\Tools\MSVC\14.44.35207\include\vector(442,7):
      参见“std::vector<char,std::allocator<char>>”的声明
  
E:\Pj\DaysOfJFE_Gal\DaysOfJFE_Gal\lib\yaml-cpp\emitter.h(139,33): warning C4251: “YAML::Emitter::m_pState”:“std::unique_ptr<YAML::EmitterState,std::default_delete<YAML::EmitterState>>”需要有 dll 接口以供“YAML::Emitter”的客户端使用
  (编译源文件“GameWindow.cpp”)
      C:\Program Files\Microsoft Visual Studio\2022\Community\VC\Tools\MSVC\14.44.35207\include\memory(3347,7):
      参见“std::unique_ptr<YAML::EmitterState,std::default_delete<YAML::EmitterState>>”的声明
  
E:\Pj\DaysOfJFE_Gal\DaysOfJFE_Gal\lib\yaml-cpp\exceptions.h(164,15): warning C4251: “YAML::Exception::msg”:“std::basic_string<char,std::char_traits<char>,std::allocator<char>>”需要有 dll 接口以供“YAML::Exception”的客户端使用
  (编译源文件“GameWindow.cpp”)
      C:\Program Files\Microsoft Visual Studio\2022\Community\VC\Tools\MSVC\14.44.35207\include\xstring(541,7):
      参见“std::basic_string<char,std::char_traits<char>,std::allocator<char>>”的声明
  
E:\Pj\DaysOfJFE_Gal\DaysOfJFE_Gal\lib\yaml-cpp\exceptions.h(155,44): warning C4275: 非 dll 接口 class“std::runtime_error”用作 dll 接口 class“YAML::Exception”的基
  (编译源文件“GameWindow.cpp”)
      C:\Program Files\Microsoft Visual Studio\2022\Community\VC\Tools\MSVC\14.44.35207\include\stdexcept(100,30):
      参见“std::runtime_error”的声明
      E:\Pj\DaysOfJFE_Gal\DaysOfJFE_Gal\lib\yaml-cpp\exceptions.h(155,20):
      参见“YAML::Exception”的声明
  
E:\Pj\DaysOfJFE_Gal\DaysOfJFE_Gal\lib\yaml-cpp\node\node.h(135,15): warning C4251: “YAML::Node::m_invalidKey”:“std::basic_string<char,std::char_traits<char>,std::allocator<char>>”需要有 dll 接口以供“YAML::Node”的客户端使用
  (编译源文件“GameWindow.cpp”)
      C:\Program Files\Microsoft Visual Studio\2022\Community\VC\Tools\MSVC\14.44.35207\include\xstring(541,7):
      参见“std::basic_string<char,std::char_traits<char>,std::allocator<char>>”的声明
  
E:\Pj\DaysOfJFE_Gal\DaysOfJFE_Gal\lib\yaml-cpp\node\node.h(136,40): warning C4251: “YAML::Node::m_pMemory”:“std::shared_ptr<YAML::detail::memory_holder>”需要有 dll 接口以供“YAML::Node”的客户端使用
  (编译源文件“GameWindow.cpp”)
      C:\Program Files\Microsoft Visual Studio\2022\Community\VC\Tools\MSVC\14.44.35207\include\memory(1565,7):
      参见“std::shared_ptr<YAML::detail::memory_holder>”的声明
  
E:\Pj\DaysOfJFE_Gal\DaysOfJFE_Gal\lib\yaml-cpp\node\detail\memory.h(31,9): warning C4251: “YAML::detail::memory::m_nodes”:“std::set<YAML::detail::shared_node,std::less<YAML::detail::shared_node>,std::allocator<YAML::detail::shared_node>>”需要有 dll 接口以供“YAML::detail::memory”的客户端使用
  (编译源文件“GameWindow.cpp”)
      C:\Program Files\Microsoft Visual Studio\2022\Community\VC\Tools\MSVC\14.44.35207\include\set(51,7):
      参见“std::set<YAML::detail::shared_node,std::less<YAML::detail::shared_node>,std::allocator<YAML::detail::shared_node>>”的声明
  
E:\Pj\DaysOfJFE_Gal\DaysOfJFE_Gal\lib\yaml-cpp\node\detail\memory.h(42,17): warning C4251: “YAML::detail::memory_holder::m_pMemory”:“std::shared_ptr<YAML::detail::memory>”需要有 dll 接口以供“YAML::detail::memory_holder”的客户端使用
  (编译源文件“GameWindow.cpp”)
      C:\Program Files\Microsoft Visual Studio\2022\Community\VC\Tools\MSVC\14.44.35207\include\memory(1565,7):
      参见“std::shared_ptr<YAML::detail::memory>”的声明
  
E:\Pj\DaysOfJFE_Gal\DaysOfJFE_Gal\lib\yaml-cpp\node\detail\node_data.h(104,15): warning C4251: “YAML::detail::node_data::m_tag”:“std::basic_string<char,std::char_traits<char>,std::allocator<char>>”需要有 dll 接口以供“YAML::detail::node_data”的客户端使用
  (编译源文件“GameWindow.cpp”)
      C:\Program Files\Microsoft Visual Studio\2022\Community\VC\Tools\MSVC\14.44.35207\include\xstring(541,7):
      参见“std::basic_string<char,std::char_traits<char>,std::allocator<char>>”的声明
  
E:\Pj\DaysOfJFE_Gal\DaysOfJFE_Gal\lib\yaml-cpp\node\detail\node_data.h(108,15): warning C4251: “YAML::detail::node_data::m_scalar”:“std::basic_string<char,std::char_traits<char>,std::allocator<char>>”需要有 dll 接口以供“YAML::detail::node_data”的客户端使用
  (编译源文件“GameWindow.cpp”)
      C:\Program Files\Microsoft Visual Studio\2022\Community\VC\Tools\MSVC\14.44.35207\include\xstring(541,7):
      参见“std::basic_string<char,std::char_traits<char>,std::allocator<char>>”的声明
  
E:\Pj\DaysOfJFE_Gal\DaysOfJFE_Gal\lib\yaml-cpp\node\detail\node_data.h(112,12): warning C4251: “YAML::detail::node_data::m_sequence”:“std::vector<YAML::detail::node *,std::allocator<YAML::detail::node *>>”需要有 dll 接口以供“YAML::detail::node_data”的客户端使用
  (编译源文件“GameWindow.cpp”)
      C:\Program Files\Microsoft Visual Studio\2022\Community\VC\Tools\MSVC\14.44.35207\include\vector(442,7):
      参见“std::vector<YAML::detail::node *,std::allocator<YAML::detail::node *>>”的声明
  
E:\Pj\DaysOfJFE_Gal\DaysOfJFE_Gal\lib\yaml-cpp\node\detail\node_data.h(118,12): warning C4251: “YAML::detail::node_data::m_map”:“std::vector<std::pair<YAML::detail::node *,YAML::detail::node *>,std::allocator<std::pair<YAML::detail::node *,YAML::detail::node *>>>”需要有 dll 接口以供“YAML::detail::node_data”的客户端使用
  (编译源文件“GameWindow.cpp”)
      C:\Program Files\Microsoft Visual Studio\2022\Community\VC\Tools\MSVC\14.44.35207\include\vector(442,7):
      参见“std::vector<std::pair<YAML::detail::node *,YAML::detail::node *>,std::allocator<std::pair<YAML::detail::node *,YAML::detail::node *>>>”的声明
  
E:\Pj\DaysOfJFE_Gal\DaysOfJFE_Gal\lib\yaml-cpp\node\detail\node_data.h(122,20): warning C4251: “YAML::detail::node_data::m_undefinedPairs”:“std::list<YAML::detail::node_data::kv_pair,std::allocator<std::pair<YAML::detail::node *,YAML::detail::node *>>>”需要有 dll 接口以供“YAML::detail::node_data”的客户端使用
  (编译源文件“GameWindow.cpp”)
      C:\Program Files\Microsoft Visual Studio\2022\Community\VC\Tools\MSVC\14.44.35207\include\list(769,7):
      参见“std::list<YAML::detail::node_data::kv_pair,std::allocator<std::pair<YAML::detail::node *,YAML::detail::node *>>>”的声明
  
E:\Pj\DaysOfJFE_Gal\DaysOfJFE_Gal\GameWindow.cpp(449,11): warning C4244: “=”: 从“_Ty”转换到“float”，可能丢失数据
E:\Pj\DaysOfJFE_Gal\DaysOfJFE_Gal\GameWindow.cpp(449,11): warning C4244:         with
E:\Pj\DaysOfJFE_Gal\DaysOfJFE_Gal\GameWindow.cpp(449,11): warning C4244:         [
E:\Pj\DaysOfJFE_Gal\DaysOfJFE_Gal\GameWindow.cpp(449,11): warning C4244:             _Ty=int
E:\Pj\DaysOfJFE_Gal\DaysOfJFE_Gal\GameWindow.cpp(449,11): warning C4244:         ]
E:\Pj\DaysOfJFE_Gal\DaysOfJFE_Gal\GameWindow.cpp(454,11): warning C4244: “=”: 从“_Ty”转换到“float”，可能丢失数据
E:\Pj\DaysOfJFE_Gal\DaysOfJFE_Gal\GameWindow.cpp(454,11): warning C4244:         with
E:\Pj\DaysOfJFE_Gal\DaysOfJFE_Gal\GameWindow.cpp(454,11): warning C4244:         [
E:\Pj\DaysOfJFE_Gal\DaysOfJFE_Gal\GameWindow.cpp(454,11): warning C4244:             _Ty=int
E:\Pj\DaysOfJFE_Gal\DaysOfJFE_Gal\GameWindow.cpp(454,11): warning C4244:         ]
E:\Pj\DaysOfJFE_Gal\DaysOfJFE_Gal\GameWindow.cpp(459,11): warning C4244: “=”: 从“_Ty”转换到“float”，可能丢失数据
E:\Pj\DaysOfJFE_Gal\DaysOfJFE_Gal\GameWindow.cpp(459,11): warning C4244:         with
E:\Pj\DaysOfJFE_Gal\DaysOfJFE_Gal\GameWindow.cpp(459,11): warning C4244:         [
E:\Pj\DaysOfJFE_Gal\DaysOfJFE_Gal\GameWindow.cpp(459,11): warning C4244:             _Ty=int
E:\Pj\DaysOfJFE_Gal\DaysOfJFE_Gal\GameWindow.cpp(459,11): warning C4244:         ]
  HomeWindow.cpp
  IGlobalEvent.cpp
  ImageContainer.cpp
E:\Pj\DaysOfJFE_Gal\DaysOfJFE_Gal\ImageContainer.cpp(80,54): warning C4244: “参数”: 从“UINT”转换到“Gdiplus::REAL”，可能丢失数据
E:\Pj\DaysOfJFE_Gal\DaysOfJFE_Gal\ImageContainer.cpp(80,34): warning C4244: “参数”: 从“UINT”转换到“Gdiplus::REAL”，可能丢失数据
  LoadingWindow.cpp
  LoadSceneWindow.cpp
  main.cpp
E:\Pj\DaysOfJFE_Gal\DaysOfJFE_Gal\lib\yaml-cpp\parser.h(85,28): warning C4251: “YAML::Parser::m_pScanner”:“std::unique_ptr<YAML::Scanner,std::default_delete<YAML::Scanner>>”需要有 dll 接口以供“YAML::Parser”的客户端使用
  (编译源文件“main.cpp”)
      C:\Program Files\Microsoft Visual Studio\2022\Community\VC\Tools\MSVC\14.44.35207\include\memory(3347,7):
      参见“std::unique_ptr<YAML::Scanner,std::default_delete<YAML::Scanner>>”的声明
  
E:\Pj\DaysOfJFE_Gal\DaysOfJFE_Gal\lib\yaml-cpp\parser.h(86,31): warning C4251: “YAML::Parser::m_pDirectives”:“std::unique_ptr<YAML::Directives,std::default_delete<YAML::Directives>>”需要有 dll 接口以供“YAML::Parser”的客户端使用
  (编译源文件“main.cpp”)
      C:\Program Files\Microsoft Visual Studio\2022\Community\VC\Tools\MSVC\14.44.35207\include\memory(3347,7):
      参见“std::unique_ptr<YAML::Directives,std::default_delete<YAML::Directives>>”的声明
  
E:\Pj\DaysOfJFE_Gal\DaysOfJFE_Gal\lib\yaml-cpp\binary.h(65,30): warning C4251: “YAML::Binary::m_data”:“std::vector<unsigned char,std::allocator<unsigned char>>”需要有 dll 接口以供“YAML::Binary”的客户端使用
  (编译源文件“main.cpp”)
      C:\Program Files\Microsoft Visual Studio\2022\Community\VC\Tools\MSVC\14.44.35207\include\vector(442,7):
      参见“std::vector<unsigned char,std::allocator<unsigned char>>”的声明
  
E:\Pj\DaysOfJFE_Gal\DaysOfJFE_Gal\lib\yaml-cpp\ostream_wrapper.h(49,29): warning C4251: “YAML::ostream_wrapper::m_buffer”:“std::vector<char,std::allocator<char>>”需要有 dll 接口以供“YAML::ostream_wrapper”的客户端使用
  (编译源文件“main.cpp”)
      C:\Program Files\Microsoft Visual Studio\2022\Community\VC\Tools\MSVC\14.44.35207\include\vector(442,7):
      参见“std::vector<char,std::allocator<char>>”的声明
  
E:\Pj\DaysOfJFE_Gal\DaysOfJFE_Gal\lib\yaml-cpp\emitter.h(139,33): warning C4251: “YAML::Emitter::m_pState”:“std::unique_ptr<YAML::EmitterState,std::default_delete<YAML::EmitterState>>”需要有 dll 接口以供“YAML::Emitter”的客户端使用
  (编译源文件“main.cpp”)
      C:\Program Files\Microsoft Visual Studio\2022\Community\VC\Tools\MSVC\14.44.35207\include\memory(3347,7):
      参见“std::unique_ptr<YAML::EmitterState,std::default_delete<YAML::EmitterState>>”的声明
  
E:\Pj\DaysOfJFE_Gal\DaysOfJFE_Gal\lib\yaml-cpp\exceptions.h(164,15): warning C4251: “YAML::Exception::msg”:“std::basic_string<char,std::char_traits<char>,std::allocator<char>>”需要有 dll 接口以供“YAML::Exception”的客户端使用
  (编译源文件“main.cpp”)
      C:\Program Files\Microsoft Visual Studio\2022\Community\VC\Tools\MSVC\14.44.35207\include\xstring(541,7):
      参见“std::basic_string<char,std::char_traits<char>,std::allocator<char>>”的声明
  
E:\Pj\DaysOfJFE_Gal\DaysOfJFE_Gal\lib\yaml-cpp\exceptions.h(155,44): warning C4275: 非 dll 接口 class“std::runtime_error”用作 dll 接口 class“YAML::Exception”的基
  (编译源文件“main.cpp”)
      C:\Program Files\Microsoft Visual Studio\2022\Community\VC\Tools\MSVC\14.44.35207\include\stdexcept(100,30):
      参见“std::runtime_error”的声明
      E:\Pj\DaysOfJFE_Gal\DaysOfJFE_Gal\lib\yaml-cpp\exceptions.h(155,20):
      参见“YAML::Exception”的声明
  
E:\Pj\DaysOfJFE_Gal\DaysOfJFE_Gal\lib\yaml-cpp\node\node.h(135,15): warning C4251: “YAML::Node::m_invalidKey”:“std::basic_string<char,std::char_traits<char>,std::allocator<char>>”需要有 dll 接口以供“YAML::Node”的客户端使用
  (编译源文件“main.cpp”)
      C:\Program Files\Microsoft Visual Studio\2022\Community\VC\Tools\MSVC\14.44.35207\include\xstring(541,7):
      参见“std::basic_string<char,std::char_traits<char>,std::allocator<char>>”的声明
  
E:\Pj\DaysOfJFE_Gal\DaysOfJFE_Gal\lib\yaml-cpp\node\node.h(136,40): warning C4251: “YAML::Node::m_pMemory”:“std::shared_ptr<YAML::detail::memory_holder>”需要有 dll 接口以供“YAML::Node”的客户端使用
  (编译源文件“main.cpp”)
      C:\Program Files\Microsoft Visual Studio\2022\Community\VC\Tools\MSVC\14.44.35207\include\memory(1565,7):
      参见“std::shared_ptr<YAML::detail::memory_holder>”的声明
  
E:\Pj\DaysOfJFE_Gal\DaysOfJFE_Gal\lib\yaml-cpp\node\detail\memory.h(31,9): warning C4251: “YAML::detail::memory::m_nodes”:“std::set<YAML::detail::shared_node,std::less<YAML::detail::shared_node>,std::allocator<YAML::detail::shared_node>>”需要有 dll 接口以供“YAML::detail::memory”的客户端使用
  (编译源文件“main.cpp”)
      C:\Program Files\Microsoft Visual Studio\2022\Community\VC\Tools\MSVC\14.44.35207\include\set(51,7):
      参见“std::set<YAML::detail::shared_node,std::less<YAML::detail::shared_node>,std::allocator<YAML::detail::shared_node>>”的声明
  
E:\Pj\DaysOfJFE_Gal\DaysOfJFE_Gal\lib\yaml-cpp\node\detail\memory.h(42,17): warning C4251: “YAML::detail::memory_holder::m_pMemory”:“std::shared_ptr<YAML::detail::memory>”需要有 dll 接口以供“YAML::detail::memory_holder”的客户端使用
  (编译源文件“main.cpp”)
      C:\Program Files\Microsoft Visual Studio\2022\Community\VC\Tools\MSVC\14.44.35207\include\memory(1565,7):
      参见“std::shared_ptr<YAML::detail::memory>”的声明
  
E:\Pj\DaysOfJFE_Gal\DaysOfJFE_Gal\lib\yaml-cpp\node\detail\node_data.h(104,15): warning C4251: “YAML::detail::node_data::m_tag”:“std::basic_string<char,std::char_traits<char>,std::allocator<char>>”需要有 dll 接口以供“YAML::detail::node_data”的客户端使用
  (编译源文件“main.cpp”)
      C:\Program Files\Microsoft Visual Studio\2022\Community\VC\Tools\MSVC\14.44.35207\include\xstring(541,7):
      参见“std::basic_string<char,std::char_traits<char>,std::allocator<char>>”的声明
  
E:\Pj\DaysOfJFE_Gal\DaysOfJFE_Gal\lib\yaml-cpp\node\detail\node_data.h(108,15): warning C4251: “YAML::detail::node_data::m_scalar”:“std::basic_string<char,std::char_traits<char>,std::allocator<char>>”需要有 dll 接口以供“YAML::detail::node_data”的客户端使用
  (编译源文件“main.cpp”)
      C:\Program Files\Microsoft Visual Studio\2022\Community\VC\Tools\MSVC\14.44.35207\include\xstring(541,7):
      参见“std::basic_string<char,std::char_traits<char>,std::allocator<char>>”的声明
  
E:\Pj\DaysOfJFE_Gal\DaysOfJFE_Gal\lib\yaml-cpp\node\detail\node_data.h(112,12): warning C4251: “YAML::detail::node_data::m_sequence”:“std::vector<YAML::detail::node *,std::allocator<YAML::detail::node *>>”需要有 dll 接口以供“YAML::detail::node_data”的客户端使用
  (编译源文件“main.cpp”)
      C:\Program Files\Microsoft Visual Studio\2022\Community\VC\Tools\MSVC\14.44.35207\include\vector(442,7):
      参见“std::vector<YAML::detail::node *,std::allocator<YAML::detail::node *>>”的声明
  
E:\Pj\DaysOfJFE_Gal\DaysOfJFE_Gal\lib\yaml-cpp\node\detail\node_data.h(118,12): warning C4251: “YAML::detail::node_data::m_map”:“std::vector<std::pair<YAML::detail::node *,YAML::detail::node *>,std::allocator<std::pair<YAML::detail::node *,YAML::detail::node *>>>”需要有 dll 接口以供“YAML::detail::node_data”的客户端使用
  (编译源文件“main.cpp”)
      C:\Program Files\Microsoft Visual Studio\2022\Community\VC\Tools\MSVC\14.44.35207\include\vector(442,7):
      参见“std::vector<std::pair<YAML::detail::node *,YAML::detail::node *>,std::allocator<std::pair<YAML::detail::node *,YAML::detail::node *>>>”的声明
  
E:\Pj\DaysOfJFE_Gal\DaysOfJFE_Gal\lib\yaml-cpp\node\detail\node_data.h(122,20): warning C4251: “YAML::detail::node_data::m_undefinedPairs”:“std::list<YAML::detail::node_data::kv_pair,std::allocator<std::pair<YAML::detail::node *,YAML::detail::node *>>>”需要有 dll 接口以供“YAML::detail::node_data”的客户端使用
  (编译源文件“main.cpp”)
      C:\Program Files\Microsoft Visual Studio\2022\Community\VC\Tools\MSVC\14.44.35207\include\list(769,7):
      参见“std::list<YAML::detail::node_data::kv_pair,std::allocator<std::pair<YAML::detail::node *,YAML::detail::node *>>>”的声明
  
  MusicPlayer.cpp
E:\Pj\DaysOfJFE_Gal\DaysOfJFE_Gal\MusicPlayer.cpp(104,86): warning C4244: “参数”: 从“float”转换到“DWORD”，可能丢失数据
E:\Pj\DaysOfJFE_Gal\DaysOfJFE_Gal\MusicPlayer.cpp(110,74): warning C4244: “参数”: 从“float”转换到“DWORD”，可能丢失数据
  OutlineText.cpp
  SettingWindow.cpp
  TextBlock.cpp
  TitleTransition.cpp
  Utils.cpp
  WindowManager.cpp
  WindowPanel.cpp
  正在生成代码
  3901 of 3924 functions (99.4%) were compiled, the rest were copied from previous compilation.
    1 functions were new in current compilation
    3 functions had inline decision re-evaluated but remain unchanged
  已完成代码的生成
  DaysOfJFE_Gal.vcxproj -> E:\Pj\DaysOfJFE_Gal\DaysOfJFE_Gal\x64\Release\DaysOfJFE_Gal.exe
